{"/Users/oredata/trendyol/feedbacky-modal/src/index.tsx": {"path":"/Users/oredata/trendyol/feedbacky-modal/src/index.tsx","statementMap":{},"fnMap":{},"branchMap":{},"s":{},"f":{},"b":{},"_coverageSchema":"1a1c01bbd47fc00a2c39e90264f33305004495a9","hash":"2e9b2d3309343caecba771076f8bf63900f99e2a"}
,"/Users/oredata/trendyol/feedbacky-modal/src/components/FeedBacky/FeedBacky.tsx": {"path":"/Users/oredata/trendyol/feedbacky-modal/src/components/FeedBacky/FeedBacky.tsx","statementMap":{"0":{"start":{"line":24,"column":33},"end":{"line":26,"column":2}},"1":{"start":{"line":24,"column":40},"end":{"line":26,"column":1}},"2":{"start":{"line":28,"column":27},"end":{"line":34,"column":2}},"3":{"start":{"line":28,"column":34},"end":{"line":34,"column":1}},"4":{"start":{"line":35,"column":43},"end":{"line":89,"column":1}},"5":{"start":{"line":47,"column":36},"end":{"line":47,"column":51}},"6":{"start":{"line":48,"column":14},"end":{"line":48,"column":42}},"7":{"start":{"line":50,"column":2},"end":{"line":66,"column":18}},"8":{"start":{"line":51,"column":4},"end":{"line":65,"column":5}},"9":{"start":{"line":52,"column":6},"end":{"line":64,"column":7}},"10":{"start":{"line":53,"column":8},"end":{"line":53,"column":39}},"11":{"start":{"line":54,"column":8},"end":{"line":54,"column":38}},"12":{"start":{"line":55,"column":13},"end":{"line":64,"column":7}},"13":{"start":{"line":56,"column":8},"end":{"line":56,"column":39}},"14":{"start":{"line":57,"column":8},"end":{"line":57,"column":37}},"15":{"start":{"line":58,"column":13},"end":{"line":64,"column":7}},"16":{"start":{"line":59,"column":8},"end":{"line":59,"column":36}},"17":{"start":{"line":60,"column":8},"end":{"line":60,"column":38}},"18":{"start":{"line":61,"column":13},"end":{"line":64,"column":7}},"19":{"start":{"line":62,"column":8},"end":{"line":62,"column":36}},"20":{"start":{"line":63,"column":8},"end":{"line":63,"column":37}},"21":{"start":{"line":67,"column":2},"end":{"line":88,"column":4}},"22":{"start":{"line":73,"column":25},"end":{"line":73,"column":43}}},"fnMap":{"0":{"name":"(anonymous_0)","decl":{"start":{"line":24,"column":33},"end":{"line":24,"column":34}},"loc":{"start":{"line":24,"column":40},"end":{"line":26,"column":1}},"line":24},"1":{"name":"(anonymous_1)","decl":{"start":{"line":28,"column":27},"end":{"line":28,"column":28}},"loc":{"start":{"line":28,"column":34},"end":{"line":34,"column":1}},"line":28},"2":{"name":"(anonymous_2)","decl":{"start":{"line":35,"column":43},"end":{"line":35,"column":44}},"loc":{"start":{"line":45,"column":6},"end":{"line":89,"column":1}},"line":45},"3":{"name":"(anonymous_3)","decl":{"start":{"line":50,"column":12},"end":{"line":50,"column":13}},"loc":{"start":{"line":50,"column":18},"end":{"line":66,"column":3}},"line":50},"4":{"name":"(anonymous_4)","decl":{"start":{"line":73,"column":19},"end":{"line":73,"column":20}},"loc":{"start":{"line":73,"column":25},"end":{"line":73,"column":43}},"line":73}},"branchMap":{"0":{"loc":{"start":{"line":36,"column":2},"end":{"line":36,"column":12}},"type":"default-arg","locations":[{"start":{"line":36,"column":10},"end":{"line":36,"column":12}}],"line":36},"1":{"loc":{"start":{"line":37,"column":2},"end":{"line":37,"column":13}},"type":"default-arg","locations":[{"start":{"line":37,"column":11},"end":{"line":37,"column":13}}],"line":37},"2":{"loc":{"start":{"line":43,"column":2},"end":{"line":43,"column":28}},"type":"default-arg","locations":[{"start":{"line":43,"column":14},"end":{"line":43,"column":28}}],"line":43},"3":{"loc":{"start":{"line":51,"column":4},"end":{"line":65,"column":5}},"type":"if","locations":[{"start":{"line":51,"column":4},"end":{"line":65,"column":5}},{"start":{},"end":{}}],"line":51},"4":{"loc":{"start":{"line":52,"column":6},"end":{"line":64,"column":7}},"type":"if","locations":[{"start":{"line":52,"column":6},"end":{"line":64,"column":7}},{"start":{"line":55,"column":13},"end":{"line":64,"column":7}}],"line":52},"5":{"loc":{"start":{"line":55,"column":13},"end":{"line":64,"column":7}},"type":"if","locations":[{"start":{"line":55,"column":13},"end":{"line":64,"column":7}},{"start":{"line":58,"column":13},"end":{"line":64,"column":7}}],"line":55},"6":{"loc":{"start":{"line":58,"column":13},"end":{"line":64,"column":7}},"type":"if","locations":[{"start":{"line":58,"column":13},"end":{"line":64,"column":7}},{"start":{"line":61,"column":13},"end":{"line":64,"column":7}}],"line":58},"7":{"loc":{"start":{"line":61,"column":13},"end":{"line":64,"column":7}},"type":"if","locations":[{"start":{"line":61,"column":13},"end":{"line":64,"column":7}},{"start":{},"end":{}}],"line":61},"8":{"loc":{"start":{"line":86,"column":7},"end":{"line":86,"column":89}},"type":"binary-expr","locations":[{"start":{"line":86,"column":7},"end":{"line":86,"column":16}},{"start":{"line":86,"column":20},"end":{"line":86,"column":89}}],"line":86}},"s":{"0":1,"1":14,"2":1,"3":14,"4":1,"5":14,"6":14,"7":14,"8":7,"9":7,"10":7,"11":7,"12":0,"13":0,"14":0,"15":0,"16":0,"17":0,"18":0,"19":0,"20":0,"21":14,"22":6},"f":{"0":14,"1":14,"2":14,"3":7,"4":6},"b":{"0":[14],"1":[14],"2":[14],"3":[7,0],"4":[7,0],"5":[0,0],"6":[0,0],"7":[0,0],"8":[14,6]},"_coverageSchema":"1a1c01bbd47fc00a2c39e90264f33305004495a9","hash":"3929d1be2338b57bbc4016cccf1010f2e52f1eec"}
,"/Users/oredata/trendyol/feedbacky-modal/src/components/FeedBacky/index.ts": {"path":"/Users/oredata/trendyol/feedbacky-modal/src/components/FeedBacky/index.ts","statementMap":{},"fnMap":{},"branchMap":{},"s":{},"f":{},"b":{},"_coverageSchema":"1a1c01bbd47fc00a2c39e90264f33305004495a9","hash":"f6b4f966774bd118605ae8dc0f0e903c75af786a"}
,"/Users/oredata/trendyol/feedbacky-modal/src/components/Modal/Modal.tsx": {"path":"/Users/oredata/trendyol/feedbacky-modal/src/components/Modal/Modal.tsx","statementMap":{"0":{"start":{"line":4,"column":34},"end":{"line":9,"column":2}},"1":{"start":{"line":4,"column":41},"end":{"line":9,"column":1}},"2":{"start":{"line":11,"column":33},"end":{"line":20,"column":2}},"3":{"start":{"line":11,"column":62},"end":{"line":20,"column":1}},"4":{"start":{"line":22,"column":25},"end":{"line":27,"column":2}},"5":{"start":{"line":22,"column":32},"end":{"line":27,"column":1}},"6":{"start":{"line":29,"column":23},"end":{"line":36,"column":2}},"7":{"start":{"line":29,"column":30},"end":{"line":36,"column":1}},"8":{"start":{"line":38,"column":27},"end":{"line":47,"column":2}},"9":{"start":{"line":38,"column":34},"end":{"line":47,"column":1}},"10":{"start":{"line":49,"column":31},"end":{"line":58,"column":2}},"11":{"start":{"line":49,"column":38},"end":{"line":58,"column":1}},"12":{"start":{"line":72,"column":39},"end":{"line":169,"column":1}},"13":{"start":{"line":73,"column":28},"end":{"line":73,"column":48}},"14":{"start":{"line":74,"column":40},"end":{"line":74,"column":64}},"15":{"start":{"line":76,"column":21},"end":{"line":93,"column":3}},"16":{"start":{"line":77,"column":24},"end":{"line":80,"column":5}},"17":{"start":{"line":82,"column":4},"end":{"line":92,"column":5}},"18":{"start":{"line":83,"column":18},"end":{"line":86,"column":7}},"19":{"start":{"line":87,"column":6},"end":{"line":89,"column":7}},"20":{"start":{"line":88,"column":8},"end":{"line":88,"column":29}},"21":{"start":{"line":91,"column":6},"end":{"line":91,"column":23}},"22":{"start":{"line":95,"column":2},"end":{"line":168,"column":4}},"23":{"start":{"line":103,"column":14},"end":{"line":103,"column":32}},"24":{"start":{"line":128,"column":31},"end":{"line":128,"column":55}}},"fnMap":{"0":{"name":"(anonymous_0)","decl":{"start":{"line":4,"column":34},"end":{"line":4,"column":35}},"loc":{"start":{"line":4,"column":41},"end":{"line":9,"column":1}},"line":4},"1":{"name":"(anonymous_1)","decl":{"start":{"line":11,"column":33},"end":{"line":11,"column":34}},"loc":{"start":{"line":11,"column":62},"end":{"line":20,"column":1}},"line":11},"2":{"name":"(anonymous_2)","decl":{"start":{"line":22,"column":25},"end":{"line":22,"column":26}},"loc":{"start":{"line":22,"column":32},"end":{"line":27,"column":1}},"line":22},"3":{"name":"(anonymous_3)","decl":{"start":{"line":29,"column":23},"end":{"line":29,"column":24}},"loc":{"start":{"line":29,"column":30},"end":{"line":36,"column":1}},"line":29},"4":{"name":"(anonymous_4)","decl":{"start":{"line":38,"column":27},"end":{"line":38,"column":28}},"loc":{"start":{"line":38,"column":34},"end":{"line":47,"column":1}},"line":38},"5":{"name":"(anonymous_5)","decl":{"start":{"line":49,"column":31},"end":{"line":49,"column":32}},"loc":{"start":{"line":49,"column":38},"end":{"line":58,"column":1}},"line":49},"6":{"name":"(anonymous_6)","decl":{"start":{"line":72,"column":39},"end":{"line":72,"column":40}},"loc":{"start":{"line":72,"column":92},"end":{"line":169,"column":1}},"line":72},"7":{"name":"(anonymous_7)","decl":{"start":{"line":76,"column":21},"end":{"line":76,"column":22}},"loc":{"start":{"line":76,"column":33},"end":{"line":93,"column":3}},"line":76},"8":{"name":"(anonymous_8)","decl":{"start":{"line":102,"column":21},"end":{"line":102,"column":22}},"loc":{"start":{"line":102,"column":27},"end":{"line":104,"column":13}},"line":102},"9":{"name":"(anonymous_9)","decl":{"start":{"line":128,"column":26},"end":{"line":128,"column":27}},"loc":{"start":{"line":128,"column":31},"end":{"line":128,"column":55}},"line":128}},"branchMap":{"0":{"loc":{"start":{"line":72,"column":54},"end":{"line":72,"column":85}},"type":"default-arg","locations":[{"start":{"line":72,"column":72},"end":{"line":72,"column":85}}],"line":72},"1":{"loc":{"start":{"line":87,"column":6},"end":{"line":89,"column":7}},"type":"if","locations":[{"start":{"line":87,"column":6},"end":{"line":89,"column":7}},{"start":{},"end":{}}],"line":87},"2":{"loc":{"start":{"line":109,"column":9},"end":{"line":165,"column":9}},"type":"cond-expr","locations":[{"start":{"line":110,"column":10},"end":{"line":155,"column":13}},{"start":{"line":157,"column":10},"end":{"line":164,"column":16}}],"line":109},"3":{"loc":{"start":{"line":130,"column":15},"end":{"line":134,"column":22}},"type":"cond-expr","locations":[{"start":{"line":131,"column":16},"end":{"line":133,"column":24}},{"start":{"line":134,"column":18},"end":{"line":134,"column":22}}],"line":130}},"s":{"0":1,"1":10,"2":1,"3":10,"4":1,"5":10,"6":1,"7":9,"8":1,"9":9,"10":1,"11":9,"12":1,"13":10,"14":10,"15":10,"16":1,"17":1,"18":1,"19":1,"20":1,"21":0,"22":10,"23":1,"24":3},"f":{"0":10,"1":10,"2":10,"3":9,"4":9,"5":9,"6":10,"7":1,"8":1,"9":3},"b":{"0":[10],"1":[1,0],"2":[9,1],"3":[1,8]},"_coverageSchema":"1a1c01bbd47fc00a2c39e90264f33305004495a9","hash":"78f2dd59c3d3d604d9fd9bdf5f2f6bae83e3cf54"}
,"/Users/oredata/trendyol/feedbacky-modal/src/icons/FeedBackIcon/FeedBackIcon.tsx": {"path":"/Users/oredata/trendyol/feedbacky-modal/src/icons/FeedBackIcon/FeedBackIcon.tsx","statementMap":{"0":{"start":{"line":13,"column":46},"end":{"line":40,"column":1}},"1":{"start":{"line":22,"column":2},"end":{"line":39,"column":4}}},"fnMap":{"0":{"name":"(anonymous_0)","decl":{"start":{"line":13,"column":46},"end":{"line":13,"column":47}},"loc":{"start":{"line":21,"column":6},"end":{"line":40,"column":1}},"line":21}},"branchMap":{"0":{"loc":{"start":{"line":15,"column":2},"end":{"line":15,"column":15}},"type":"default-arg","locations":[{"start":{"line":15,"column":9},"end":{"line":15,"column":15}}],"line":15},"1":{"loc":{"start":{"line":16,"column":2},"end":{"line":16,"column":23}},"type":"default-arg","locations":[{"start":{"line":16,"column":12},"end":{"line":16,"column":23}}],"line":16},"2":{"loc":{"start":{"line":17,"column":2},"end":{"line":17,"column":25}},"type":"default-arg","locations":[{"start":{"line":17,"column":11},"end":{"line":17,"column":25}}],"line":17},"3":{"loc":{"start":{"line":18,"column":2},"end":{"line":18,"column":17}},"type":"default-arg","locations":[{"start":{"line":18,"column":16},"end":{"line":18,"column":17}}],"line":18},"4":{"loc":{"start":{"line":19,"column":2},"end":{"line":19,"column":12}},"type":"default-arg","locations":[{"start":{"line":19,"column":10},"end":{"line":19,"column":12}}],"line":19},"5":{"loc":{"start":{"line":20,"column":2},"end":{"line":20,"column":13}},"type":"default-arg","locations":[{"start":{"line":20,"column":11},"end":{"line":20,"column":13}}],"line":20}},"s":{"0":1,"1":14},"f":{"0":14},"b":{"0":[14],"1":[14],"2":[14],"3":[14],"4":[0],"5":[0]},"_coverageSchema":"1a1c01bbd47fc00a2c39e90264f33305004495a9","hash":"0573c601fcdeec0afdbf080c299bc4f5eb1cd7c6"}
,"/Users/oredata/trendyol/feedbacky-modal/src/icons/FeedBackIcon/index.ts": {"path":"/Users/oredata/trendyol/feedbacky-modal/src/icons/FeedBackIcon/index.ts","statementMap":{},"fnMap":{},"branchMap":{},"s":{},"f":{},"b":{},"_coverageSchema":"1a1c01bbd47fc00a2c39e90264f33305004495a9","hash":"cbe0965aed2c35744de84494fe3d5d2a4d62e84c"}
,"/Users/oredata/trendyol/feedbacky-modal/stories/FeedBacky.stories.tsx": {"path":"/Users/oredata/trendyol/feedbacky-modal/stories/FeedBacky.stories.tsx","statementMap":{"0":{"start":{"line":5,"column":19},"end":{"line":38,"column":1}},"1":{"start":{"line":42,"column":24},"end":{"line":42,"column":55}},"2":{"start":{"line":42,"column":32},"end":{"line":42,"column":55}},"3":{"start":{"line":46,"column":23},"end":{"line":46,"column":40}},"4":{"start":{"line":48,"column":0},"end":{"line":48,"column":18}}},"fnMap":{"0":{"name":"(anonymous_0)","decl":{"start":{"line":42,"column":24},"end":{"line":42,"column":25}},"loc":{"start":{"line":42,"column":32},"end":{"line":42,"column":55}},"line":42}},"branchMap":{},"s":{"0":1,"1":1,"2":8,"3":1,"4":1},"f":{"0":8},"b":{},"_coverageSchema":"1a1c01bbd47fc00a2c39e90264f33305004495a9","hash":"547957c8c2460baea2a688ef7e1889b4e91a700a"}
}
