TN:
SF:src/index.tsx
FNF:0
FNH:0
LF:0
LH:0
BRF:0
BRH:0
end_of_record
TN:
SF:src/components/FeedBacky/FeedBacky.tsx
FN:24,(anonymous_0)
FN:28,(anonymous_1)
FN:35,(anonymous_2)
FN:50,(anonymous_3)
FN:73,(anonymous_4)
FNF:5
FNH:5
FNDA:14,(anonymous_0)
FNDA:14,(anonymous_1)
FNDA:14,(anonymous_2)
FNDA:7,(anonymous_3)
FNDA:6,(anonymous_4)
DA:24,14
DA:28,14
DA:35,1
DA:47,14
DA:48,14
DA:50,14
DA:51,7
DA:52,7
DA:53,7
DA:54,7
DA:55,0
DA:56,0
DA:57,0
DA:58,0
DA:59,0
DA:60,0
DA:61,0
DA:62,0
DA:63,0
DA:67,14
DA:73,6
LF:21
LH:12
BRDA:36,0,0,14
BRDA:37,1,0,14
BRDA:43,2,0,14
BRDA:51,3,0,7
BRDA:51,3,1,0
BRDA:52,4,0,7
BRDA:52,4,1,0
BRDA:55,5,0,0
BRDA:55,5,1,0
BRDA:58,6,0,0
BRDA:58,6,1,0
BRDA:61,7,0,0
BRDA:61,7,1,0
BRDA:86,8,0,14
BRDA:86,8,1,6
BRF:15
BRH:7
end_of_record
TN:
SF:src/components/FeedBacky/index.ts
FNF:0
FNH:0
LF:0
LH:0
BRF:0
BRH:0
end_of_record
TN:
SF:src/components/Modal/Modal.tsx
FN:4,(anonymous_0)
FN:11,(anonymous_1)
FN:22,(anonymous_2)
FN:29,(anonymous_3)
FN:38,(anonymous_4)
FN:49,(anonymous_5)
FN:72,(anonymous_6)
FN:76,(anonymous_7)
FN:102,(anonymous_8)
FN:128,(anonymous_9)
FNF:10
FNH:10
FNDA:10,(anonymous_0)
FNDA:10,(anonymous_1)
FNDA:10,(anonymous_2)
FNDA:9,(anonymous_3)
FNDA:9,(anonymous_4)
FNDA:9,(anonymous_5)
FNDA:10,(anonymous_6)
FNDA:1,(anonymous_7)
FNDA:1,(anonymous_8)
FNDA:3,(anonymous_9)
DA:4,10
DA:11,10
DA:22,10
DA:29,9
DA:38,9
DA:49,9
DA:72,1
DA:73,10
DA:74,10
DA:76,10
DA:77,1
DA:82,1
DA:83,1
DA:87,1
DA:88,1
DA:91,0
DA:95,10
DA:103,1
DA:128,3
LF:19
LH:18
BRDA:72,0,0,10
BRDA:87,1,0,1
BRDA:87,1,1,0
BRDA:109,2,0,9
BRDA:109,2,1,1
BRDA:130,3,0,1
BRDA:130,3,1,8
BRF:7
BRH:6
end_of_record
TN:
SF:src/icons/FeedBackIcon/FeedBackIcon.tsx
FN:13,(anonymous_0)
FNF:1
FNH:1
FNDA:14,(anonymous_0)
DA:13,1
DA:22,14
LF:2
LH:2
BRDA:15,0,0,14
BRDA:16,1,0,14
BRDA:17,2,0,14
BRDA:18,3,0,14
BRDA:19,4,0,0
BRDA:20,5,0,0
BRF:6
BRH:4
end_of_record
TN:
SF:src/icons/FeedBackIcon/index.ts
FNF:0
FNH:0
LF:0
LH:0
BRF:0
BRH:0
end_of_record
TN:
SF:stories/FeedBacky.stories.tsx
FN:42,(anonymous_0)
FNF:1
FNH:1
FNDA:8,(anonymous_0)
DA:5,1
DA:42,8
DA:46,1
DA:48,1
LF:4
LH:4
BRF:0
BRH:0
end_of_record
